C:\Program Files (x86)\Microsoft Visual Studio\2017\Community\Common7\IDE\VC\VCTargets\Microsoft.CppBuild.targets(937,5): warning MSB8027: Two or more files with the name of main.cpp will produce outputs to the same location. This can lead to an incorrect build result.  The files involved are src\main.cpp, tests\main.cpp.
  StringTest.cpp
c:\msys64\home\c.terbeke\code\github\curaengine\tests\utils\stringtest.h(7): fatal error C1083: Cannot open include file: 'cppunit/TestFixture.h': No such file or directory
  SparseGridTest.cpp
c:\msys64\home\c.terbeke\code\github\curaengine\tests\utils\sparsegridtest.h(7): fatal error C1083: Cannot open include file: 'cppunit/TestFixture.h': No such file or directory
  PolygonUtilsTest.cpp
c:\msys64\home\c.terbeke\code\github\curaengine\tests\utils\polygonutilstest.h(9): fatal error C1083: Cannot open include file: 'cppunit/TestFixture.h': No such file or directory
  PolygonTest.cpp
c:\msys64\home\c.terbeke\code\github\curaengine\tests\utils\polygontest.h(9): fatal error C1083: Cannot open include file: 'cppunit/TestFixture.h': No such file or directory
  LinearAlg2DTest.cpp
c:\msys64\home\c.terbeke\code\github\curaengine\tests\utils\linearalg2dtest.h(7): fatal error C1083: Cannot open include file: 'cppunit/TestFixture.h': No such file or directory
  main.cpp
c:\msys64\home\c.terbeke\code\github\curaengine\tests\main.cpp(4): fatal error C1083: Cannot open include file: 'cppunit/extensions/TestFactoryRegistry.h': No such file or directory
  Wireframe2gcode.cpp
c:\msys64\home\c.terbeke\code\github\curaengine\src\utils\intpoint.h(12): fatal error C1083: Cannot open include file: 'clipper/clipper.hpp': No such file or directory
  Weaver.cpp
c:\msys64\home\c.terbeke\code\github\curaengine\src\utils\intpoint.h(12): fatal error C1083: Cannot open include file: 'clipper/clipper.hpp': No such file or directory
  WallsComputation.cpp
c:\msys64\home\c.terbeke\code\github\curaengine\src\utils\intpoint.h(12): fatal error C1083: Cannot open include file: 'clipper/clipper.hpp': No such file or directory
  wallOverlap.cpp
c:\msys64\home\c.terbeke\code\github\curaengine\src\utils\intpoint.h(12): fatal error C1083: Cannot open include file: 'clipper/clipper.hpp': No such file or directory
  socket.cpp
c:\msys64\home\c.terbeke\code\github\curaengine\src\utils\socket.cpp(8): fatal error C1083: Cannot open include file: 'sys/socket.h': No such file or directory
  ProximityPointLink.cpp
c:\msys64\home\c.terbeke\code\github\curaengine\src\utils\intpoint.h(12): fatal error C1083: Cannot open include file: 'clipper/clipper.hpp': No such file or directory
  polygonUtils.cpp
c:\msys64\home\c.terbeke\code\github\curaengine\src\utils\polygon.h(10): fatal error C1083: Cannot open include file: 'clipper/clipper.hpp': No such file or directory
  PolygonsPointIndex.cpp
c:\msys64\home\c.terbeke\code\github\curaengine\src\utils\intpoint.h(12): fatal error C1083: Cannot open include file: 'clipper/clipper.hpp': No such file or directory
  PolygonProximityLinker.cpp
c:\msys64\home\c.terbeke\code\github\curaengine\src\utils\intpoint.h(12): fatal error C1083: Cannot open include file: 'clipper/clipper.hpp': No such file or directory
  polygon.cpp
c:\msys64\home\c.terbeke\code\github\curaengine\src\utils\polygon.h(10): fatal error C1083: Cannot open include file: 'clipper/clipper.hpp': No such file or directory
  logoutput.cpp
  ListPolyIt.cpp
c:\msys64\home\c.terbeke\code\github\curaengine\src\utils\intpoint.h(12): fatal error C1083: Cannot open include file: 'clipper/clipper.hpp': No such file or directory
  LinearAlg2D.cpp
c:\msys64\home\c.terbeke\code\github\curaengine\src\utils\intpoint.h(12): fatal error C1083: Cannot open include file: 'clipper/clipper.hpp': No such file or directory
  gettime.cpp
c:\msys64\home\c.terbeke\code\github\curaengine\src\utils\gettime.h(12): fatal error C1083: Cannot open include file: 'sys/time.h': No such file or directory
  Generating Code...
  Compiling...
  Date.cpp
  AABB3D.cpp
c:\msys64\home\c.terbeke\code\github\curaengine\src\utils\intpoint.h(12): fatal error C1083: Cannot open include file: 'clipper/clipper.hpp': No such file or directory
  AABB.cpp
c:\msys64\home\c.terbeke\code\github\curaengine\src\utils\intpoint.h(12): fatal error C1083: Cannot open include file: 'clipper/clipper.hpp': No such file or directory
  TopSurface.cpp
c:\msys64\home\c.terbeke\code\github\curaengine\src\utils\polygon.h(10): fatal error C1083: Cannot open include file: 'clipper/clipper.hpp': No such file or directory
  timeEstimate.cpp
c:\msys64\home\c.terbeke\code\github\curaengine\src\utils\intpoint.h(12): fatal error C1083: Cannot open include file: 'clipper/clipper.hpp': No such file or directory
  SupportInfillPart.cpp
c:\msys64\home\c.terbeke\code\github\curaengine\src\utils\intpoint.h(12): fatal error C1083: Cannot open include file: 'clipper/clipper.hpp': No such file or directory
  support.cpp
c:\msys64\home\c.terbeke\code\github\curaengine\src\utils\intpoint.h(12): fatal error C1083: Cannot open include file: 'clipper/clipper.hpp': No such file or directory
  slicer.cpp
c:\msys64\home\c.terbeke\code\github\curaengine\src\utils\gettime.h(12): fatal error C1083: Cannot open include file: 'sys/time.h': No such file or directory
  sliceDataStorage.cpp
c:\msys64\home\c.terbeke\code\github\curaengine\src\utils\intpoint.h(12): fatal error C1083: Cannot open include file: 'clipper/clipper.hpp': No such file or directory
  SkirtBrim.cpp
c:\msys64\home\c.terbeke\code\github\curaengine\src\utils\intpoint.h(12): fatal error C1083: Cannot open include file: 'clipper/clipper.hpp': No such file or directory
  skin.cpp
c:\msys64\home\c.terbeke\code\github\curaengine\src\utils\intpoint.h(12): fatal error C1083: Cannot open include file: 'clipper/clipper.hpp': No such file or directory
  settings.cpp
c:\msys64\home\c.terbeke\code\github\curaengine\src\utils\intpoint.h(12): fatal error C1083: Cannot open include file: 'clipper/clipper.hpp': No such file or directory
  SettingRegistry.cpp
c:\msys64\home\c.terbeke\code\github\curaengine\src\settings\settingcontainer.h(12): fatal error C1083: Cannot open include file: 'rapidjson/document.h': No such file or directory
  SettingContainer.cpp
c:\msys64\home\c.terbeke\code\github\curaengine\src\settings\settingcontainer.h(12): fatal error C1083: Cannot open include file: 'rapidjson/document.h': No such file or directory
  SettingConfig.cpp
c:\msys64\home\c.terbeke\code\github\curaengine\src\settings\settingcontainer.h(12): fatal error C1083: Cannot open include file: 'rapidjson/document.h': No such file or directory
  PathConfigStorage.cpp
c:\msys64\home\c.terbeke\code\github\curaengine\src\utils\intpoint.h(12): fatal error C1083: Cannot open include file: 'clipper/clipper.hpp': No such file or directory
  raft.cpp
c:\msys64\home\c.terbeke\code\github\curaengine\src\raft.cpp(2): fatal error C1083: Cannot open include file: 'clipper/clipper.hpp': No such file or directory
  ProgressStageEstimator.cpp
  Progress.cpp
c:\msys64\home\c.terbeke\code\github\curaengine\src\utils\gettime.h(12): fatal error C1083: Cannot open include file: 'sys/time.h': No such file or directory
  PrimeTower.cpp
c:\msys64\home\c.terbeke\code\github\curaengine\src\utils\intpoint.h(12): fatal error C1083: Cannot open include file: 'clipper/clipper.hpp': No such file or directory
  Generating Code...
  Compiling...
  Preheat.cpp
c:\msys64\home\c.terbeke\code\github\curaengine\src\utils\intpoint.h(12): fatal error C1083: Cannot open include file: 'clipper/clipper.hpp': No such file or directory
  TimeMaterialEstimates.cpp
c:\msys64\home\c.terbeke\code\github\curaengine\src\utils\intpoint.h(12): fatal error C1083: Cannot open include file: 'clipper/clipper.hpp': No such file or directory
  NozzleTempInsert.cpp
c:\msys64\home\c.terbeke\code\github\curaengine\src\utils\intpoint.h(12): fatal error C1083: Cannot open include file: 'clipper/clipper.hpp': No such file or directory
  LinePolygonsCrossings.cpp
c:\msys64\home\c.terbeke\code\github\curaengine\src\utils\polygon.h(10): fatal error C1083: Cannot open include file: 'clipper/clipper.hpp': No such file or directory
  GCodePath.cpp
c:\msys64\home\c.terbeke\code\github\curaengine\src\utils\intpoint.h(12): fatal error C1083: Cannot open include file: 'clipper/clipper.hpp': No such file or directory
  Comb.cpp
c:\msys64\home\c.terbeke\code\github\curaengine\src\utils\polygon.h(10): fatal error C1083: Cannot open include file: 'clipper/clipper.hpp': No such file or directory
  pathOrderOptimizer.cpp
c:\msys64\home\c.terbeke\code\github\curaengine\src\utils\polygon.h(10): fatal error C1083: Cannot open include file: 'clipper/clipper.hpp': No such file or directory
  multiVolumes.cpp
c:\msys64\home\c.terbeke\code\github\curaengine\src\utils\intpoint.h(12): fatal error C1083: Cannot open include file: 'clipper/clipper.hpp': No such file or directory
  Mold.cpp
c:\msys64\home\c.terbeke\code\github\curaengine\src\utils\intpoint.h(12): fatal error C1083: Cannot open include file: 'clipper/clipper.hpp': No such file or directory
  MeshGroup.cpp
c:\msys64\home\c.terbeke\code\github\curaengine\src\meshgroup.cpp(6): fatal error C1083: Cannot open include file: 'strings.h': No such file or directory
  mesh.cpp
c:\msys64\home\c.terbeke\code\github\curaengine\src\utils\intpoint.h(12): fatal error C1083: Cannot open include file: 'clipper/clipper.hpp': No such file or directory
  MergeInfillLines.cpp
c:\msys64\home\c.terbeke\code\github\curaengine\src\utils\intpoint.h(12): fatal error C1083: Cannot open include file: 'clipper/clipper.hpp': No such file or directory
  main.cpp
c:\msys64\home\c.terbeke\code\github\curaengine\src\main.cpp(5): fatal error C1083: Cannot open include file: 'sys/time.h': No such file or directory
  LayerPlanBuffer.cpp
c:\msys64\home\c.terbeke\code\github\curaengine\src\utils\intpoint.h(12): fatal error C1083: Cannot open include file: 'clipper/clipper.hpp': No such file or directory
  LayerPlan.cpp
c:\msys64\home\c.terbeke\code\github\curaengine\src\utils\intpoint.h(12): fatal error C1083: Cannot open include file: 'clipper/clipper.hpp': No such file or directory
  layerPart.cpp
c:\msys64\home\c.terbeke\code\github\curaengine\src\utils\intpoint.h(12): fatal error C1083: Cannot open include file: 'clipper/clipper.hpp': No such file or directory
  InsetOrderOptimizer.cpp
c:\msys64\home\c.terbeke\code\github\curaengine\src\utils\gettime.h(12): fatal error C1083: Cannot open include file: 'sys/time.h': No such file or directory
  ZigzagConnectorProcessor.cpp
c:\msys64\home\c.terbeke\code\github\curaengine\src\utils\polygon.h(10): fatal error C1083: Cannot open include file: 'clipper/clipper.hpp': No such file or directory
  SubDivCube.cpp
c:\msys64\home\c.terbeke\code\github\curaengine\src\utils\intpoint.h(12): fatal error C1083: Cannot open include file: 'clipper/clipper.hpp': No such file or directory
  SpaghettiInfillPathGenerator.cpp
c:\msys64\home\c.terbeke\code\github\curaengine\src\utils\intpoint.h(12): fatal error C1083: Cannot open include file: 'clipper/clipper.hpp': No such file or directory
  Generating Code...
  Compiling...
  SpaghettiInfill.cpp
c:\msys64\home\c.terbeke\code\github\curaengine\src\utils\intpoint.h(12): fatal error C1083: Cannot open include file: 'clipper/clipper.hpp': No such file or directory
  NoZigZagConnectorProcessor.cpp
c:\msys64\home\c.terbeke\code\github\curaengine\src\utils\polygon.h(10): fatal error C1083: Cannot open include file: 'clipper/clipper.hpp': No such file or directory
  infill.cpp
c:\msys64\home\c.terbeke\code\github\curaengine\src\utils\polygon.h(10): fatal error C1083: Cannot open include file: 'clipper/clipper.hpp': No such file or directory
  GCodePathConfig.cpp
c:\msys64\home\c.terbeke\code\github\curaengine\src\utils\intpoint.h(12): fatal error C1083: Cannot open include file: 'clipper/clipper.hpp': No such file or directory
  gcodeExport.cpp
c:\msys64\home\c.terbeke\code\github\curaengine\src\utils\intpoint.h(12): fatal error C1083: Cannot open include file: 'clipper/clipper.hpp': No such file or directory
  FffProcessor.cpp
c:\msys64\home\c.terbeke\code\github\curaengine\src\utils\intpoint.h(12): fatal error C1083: Cannot open include file: 'clipper/clipper.hpp': No such file or directory
  FffPolygonGenerator.cpp
c:\msys64\home\c.terbeke\code\github\curaengine\src\utils\intpoint.h(12): fatal error C1083: Cannot open include file: 'clipper/clipper.hpp': No such file or directory
  FffGcodeWriter.cpp
c:\msys64\home\c.terbeke\code\github\curaengine\src\utils\gettime.h(12): fatal error C1083: Cannot open include file: 'sys/time.h': No such file or directory
  ExtruderTrain.cpp
c:\msys64\home\c.terbeke\code\github\curaengine\src\utils\intpoint.h(12): fatal error C1083: Cannot open include file: 'clipper/clipper.hpp': No such file or directory
  ConicalOverhang.cpp
c:\msys64\home\c.terbeke\code\github\curaengine\src\utils\intpoint.h(12): fatal error C1083: Cannot open include file: 'clipper/clipper.hpp': No such file or directory
  commandSocket.cpp
c:\msys64\home\c.terbeke\code\github\curaengine\src\utils\polygon.h(10): fatal error C1083: Cannot open include file: 'clipper/clipper.hpp': No such file or directory
  bridge.cpp
c:\msys64\home\c.terbeke\code\github\curaengine\src\utils\intpoint.h(12): fatal error C1083: Cannot open include file: 'clipper/clipper.hpp': No such file or directory
  clipper.cpp
  Cura.pb.cc
c:\msys64\home\c.terbeke\code\github\curaengine\build\cura.pb.h(9): fatal error C1083: Cannot open include file: 'google/protobuf/stubs/common.h': No such file or directory
  OpenMPTryFlag.cpp
c:\msys64\home\c.terbeke\code\github\curaengine\build\cmakefiles\findopenmp\openmptryflag.cpp(5): error C2065: 'breaks_on_purpose': undeclared identifier
c:\msys64\home\c.terbeke\code\github\curaengine\build\cmakefiles\findopenmp\openmptryflag.cpp(7): error C2143: syntax error: missing ';' before '}'
  OpenMPCheckVersion.cpp
c:\msys64\home\c.terbeke\code\github\curaengine\build\cmakefiles\findopenmp\openmpcheckversion.cpp(6): error C2065: '_OPENMP': undeclared identifier
c:\msys64\home\c.terbeke\code\github\curaengine\build\cmakefiles\findopenmp\openmpcheckversion.cpp(7): error C2065: '_OPENMP': undeclared identifier
c:\msys64\home\c.terbeke\code\github\curaengine\build\cmakefiles\findopenmp\openmpcheckversion.cpp(8): error C2065: '_OPENMP': undeclared identifier
c:\msys64\home\c.terbeke\code\github\curaengine\build\cmakefiles\findopenmp\openmpcheckversion.cpp(9): error C2065: '_OPENMP': undeclared identifier
c:\msys64\home\c.terbeke\code\github\curaengine\build\cmakefiles\findopenmp\openmpcheckversion.cpp(10): error C2065: '_OPENMP': undeclared identifier
c:\msys64\home\c.terbeke\code\github\curaengine\build\cmakefiles\findopenmp\openmpcheckversion.cpp(11): error C2065: '_OPENMP': undeclared identifier
  feature_tests.cxx
  CMakeCXXCompilerId.cpp
  Generating Code...
